<?xml version="1.0" encoding="UTF-8"?>
<!-- Generated by org.testng.reporters.JUnitXMLReporter -->
<testsuite hostname="DESKTOP-GGT2DRF" ignored="2" name="Default test" tests="1" failures="0" timestamp="2021-06-22T17:53:45 CAT" time="3.226" errors="0">
  <testcase name="RetrieveAllSubBreeds" time="3.169" classname="dogAPI.DogAPITest"/>
  <testcase name="VerifySuccessfulMsg" time="0.0" classname="dogAPI.DogAPITest">
    <ignored/>
  </testcase> <!-- VerifySuccessfulMsg -->
  <testcase name="VerifyBulldog" time="0.0" classname="dogAPI.DogAPITest">
    <ignored/>
  </testcase> <!-- VerifyBulldog -->
</testsuite> <!-- Default test -->
