<?xml version="1.0" encoding="UTF-8"?>
<!-- Generated by org.testng.reporters.JUnitXMLReporter -->
<testsuite hostname="DESKTOP-GGT2DRF" ignored="0" name="Test" tests="3" failures="0" timestamp="2021-06-22T17:56:45 CAT" time="4.08" errors="0">
  <testcase name="RetrieveAllSubBreeds" time="3.204" classname="dogAPI.DogAPITest"/>
  <testcase name="VerifyBulldog" time="0.415" classname="dogAPI.DogAPITest"/>
  <testcase name="VerifySuccessfulMsg" time="0.383" classname="dogAPI.DogAPITest"/>
</testsuite> <!-- Test -->
